<?xml version="1.0" encoding="UTF-8"?>
<!-- Generated by org.testng.reporters.JUnitReportReporter -->
<testsuite skipped="0" hostname="DESKTOP-TRKNI3A" name="test.AddCustomerTest" tests="1" failures="0" timestamp="19 Jun 2021 22:20:42 GMT" time="36.579" errors="0">
  <testcase name="validUserShouldBeAbleToAddCustomer" time="36.579" classname="test.AddCustomerTest"/>
</testsuite> <!-- test.AddCustomerTest -->
