<?xml version="1.0" encoding="UTF-8"?>
<!-- Generated by org.testng.reporters.JUnitReportReporter -->
<testsuite hostname="DESKTOP-IDLV40V" failures="0" tests="1" name="test.LoginTest" time="3.338" errors="0" timestamp="2022-04-09T18:00:17 EDT" skipped="0">
  <testcase classname="test.LoginTest" name="validUserSouldBeAbleToLogin" time="3.338"/>
  <system-out/>
</testsuite> <!-- test.LoginTest -->
